 open timehist
 ggcm_init
 readpa
==================================================== class == ggcm
   ==================================================== class == mrc_mod

                  0 | 'MHD': 2 procs
                  2 | 'IONOSPHERE': 1 proc
                  3 | 'DIAGS2': 1 proc


 c_ggcm_run
 mhd_init
==================================================== class == ggcm_iono
parameter           | value
--------------------+----------------------------------------
   ==================================================== class == ggcm_dipole
   parameter           | value
   --------------------+----------------------------------------
   dipoltime           | 1967:01:01:00:00:00.000
   do_diprotate        | no
   moddipcoeff         | 100
   moddipfield         | 1
   hack_bdip_includes_mirror_dipole| no
   --------------------+-------------------------------- type -- fortran

   ==================================================== class == ggcm_diag
   parameter           | value
   --------------------+----------------------------------------
   --------------------+-------------------------------- type -- fortran

   ==================================================== class == ggcm_mhd_satout
   --------------------+-------------------------------- type -- fortran


 bndswi
 mhd_satout
==================================================== class == ggcm_mhd
parameter           | value
--------------------+----------------------------------------
gamma               | 1.66667
rrmin               | 0.1
bbnorm              | 30574
vvnorm              | 6692.98
rrnorm              | 10000
ppnorm              | 7.43866e+08
ccnorm              | 3.81885
eenorm              | 204631
resnorm             | 5.35845e+07
tnorm               | 0.951899
diffconstant        | 100
diffthreshold       | 0.75
diffsphere          | 6
speedlimit          | 1500
thx                 | 0.4
isphere             | 3
r_db_dt             | 1.4
timelo              | 50
d_i                 | 0
dtmin               | 0.0002
dbasetime           | 3.1536e+07
modnewstep          | 50
magdiffu            | const
diff_timelo         | 600
diff_swbnd          | -15
diff_obnd           | 4
monitor_conservation| no
amr_grid_file       | amr_grid.txt
amr                 | 0
max_time            | 0
do_badval_checks    | yes
keep_alive          | no
mod_death_diag      | 100000
--------------------+-------------------------------- type -- ggcm
earth_mag_moment    | 7.90648e+22
re                  | 6.37104e+06
ionodens            | 1e+10
mu0                 | 1.25664e-06
amu                 | 1.66057e-27
bbnorm0             | 1e-09
vvnorm0             | 1000
rrnorm0             | 1e+06
ppnorm0             | 1e-12
ccnorm0             | 1e-06
eenorm0             | 0.001
resnorm0            | 1
push_fortran        | no
debug_dump          | no
do_vgrupd           | yes

   ==================================================== class == mrc_domain
   parameter           | value
   --------------------+----------------------------------------
   bcx                 | none
   bcy                 | none
   bcz                 | none
   --------------------+-------------------------------- type -- simple
   lm                  | 32, 32, 32
   m                   | 64, 32, 32
   np                  | 2, 1, 1

      ==================================================== class == mrc_crds
      parameter           | value
      --------------------+----------------------------------------
      l                   | -30, -50, -50
      h                   | 90, 50, 50
      sw                  | 3
      --------------------+-------------------------------- type -- rectilinear

         ==================================================== class == crd[0]
         parameter           | value
         --------------------+----------------------------------------
         offs                | [3] 0,0,0
         dims                | [3] 32,1,1
         sw                  | [3] 3,0,0
         nr_spatial_dims     | 1
         dim                 | 0
         nr_comps            | 1
         nr_ghosts           | 3
         --------------------+-------------------------------- type -- float

            ==================================================== class == mrc_vec
            parameter           | value
            --------------------+----------------------------------------
            len                 | 38
            --------------------+-------------------------------- type -- float

         ==================================================== class == crd[1]
         parameter           | value
         --------------------+----------------------------------------
         offs                | [3] 0,0,0
         dims                | [3] 32,1,1
         sw                  | [3] 3,0,0
         nr_spatial_dims     | 1
         dim                 | 1
         nr_comps            | 1
         nr_ghosts           | 3
         --------------------+-------------------------------- type -- float

            ==================================================== class == mrc_vec
            parameter           | value
            --------------------+----------------------------------------
            len                 | 38
            --------------------+-------------------------------- type -- float

         ==================================================== class == crd[2]
         parameter           | value
         --------------------+----------------------------------------
         offs                | [3] 0,0,0
         dims                | [3] 32,1,1
         sw                  | [3] 3,0,0
         nr_spatial_dims     | 1
         dim                 | 2
         nr_comps            | 1
         nr_ghosts           | 3
         --------------------+-------------------------------- type -- float

            ==================================================== class == mrc_vec
            parameter           | value
            --------------------+----------------------------------------
            len                 | 38
            --------------------+-------------------------------- type -- float

         ==================================================== class == dcrd[0]
         parameter           | value
         --------------------+----------------------------------------
         offs                | [3] 0,0,0
         dims                | [3] 32,1,1
         sw                  | [3] 3,0,0
         nr_spatial_dims     | 1
         dim                 | 0
         nr_comps            | 1
         nr_ghosts           | 3
         --------------------+-------------------------------- type -- double

            ==================================================== class == mrc_vec
            parameter           | value
            --------------------+----------------------------------------
            len                 | 38
            --------------------+-------------------------------- type -- double

         ==================================================== class == dcrd[1]
         parameter           | value
         --------------------+----------------------------------------
         offs                | [3] 0,0,0
         dims                | [3] 32,1,1
         sw                  | [3] 3,0,0
         nr_spatial_dims     | 1
         dim                 | 1
         nr_comps            | 1
         nr_ghosts           | 3
         --------------------+-------------------------------- type -- double

            ==================================================== class == mrc_vec
            parameter           | value
            --------------------+----------------------------------------
            len                 | 38
            --------------------+-------------------------------- type -- double

         ==================================================== class == dcrd[2]
         parameter           | value
         --------------------+----------------------------------------
         offs                | [3] 0,0,0
         dims                | [3] 32,1,1
         sw                  | [3] 3,0,0
         nr_spatial_dims     | 1
         dim                 | 2
         nr_comps            | 1
         nr_ghosts           | 3
         --------------------+-------------------------------- type -- double

            ==================================================== class == mrc_vec
            parameter           | value
            --------------------+----------------------------------------
            len                 | 38
            --------------------+-------------------------------- type -- double

         ==================================================== class == crds_gen_x
         parameter           | value
         --------------------+----------------------------------------
         d                   | 0
         n                   | 64
         sw                  | 3
         xl                  | -30
         xh                  | 90
         --------------------+-------------------------------- type -- ggcm_x_cubic
         w0                  | 1
         w1                  | 20
         a1                  | 2
         b1                  | 25
         w2                  | 2
         a2                  | -2
         b2                  | -10

         ==================================================== class == crds_gen_y
         parameter           | value
         --------------------+----------------------------------------
         d                   | 1
         n                   | 32
         sw                  | 3
         xl                  | -50
         xh                  | 50
         --------------------+-------------------------------- type -- ggcm_yz
         center_spacing      | 0.1
         center_shift        | 0
         xn                  | 2
         xm                  | 0.5

         ==================================================== class == crds_gen_z
         parameter           | value
         --------------------+----------------------------------------
         d                   | 2
         n                   | 32
         sw                  | 3
         xl                  | -50
         xh                  | 50
         --------------------+-------------------------------- type -- ggcm_yz
         center_spacing      | 0.1
         center_shift        | 0
         xn                  | 2
         xm                  | 0.5

      ==================================================== class == mrc_ddc
      parameter           | value
      --------------------+----------------------------------------
      size_of_type        | 4
      max_n_fields        | 1
      ibn                 | 0, 0, 0
      --------------------+-------------------------------- type -- multi

   ==================================================== class == ggcm_mhd_fld
   parameter           | value
   --------------------+----------------------------------------
   offs                | [5] 0,0,0,0,0
   dims                | [5] 32,32,32,44,1
   sw                  | [5] 2,2,2,0,0
   nr_spatial_dims     | 3
   dim                 | -1
   nr_comps            | 44
   nr_ghosts           | 2
   mhd_type            | 1
   --------------------+-------------------------------- type -- float

      ==================================================== class == mrc_vec
      parameter           | value
      --------------------+----------------------------------------
      len                 | 2052864
      --------------------+-------------------------------- type -- float

   ==================================================== class == ggcm_mhd_crds
   parameter           | value
   --------------------+----------------------------------------
   --------------------+-------------------------------- type -- fortran

      ==================================================== class == ggcm_mhd_crds_gen
      parameter           | value
      --------------------+----------------------------------------
      legacy_fd1          | no
      --------------------+-------------------------------- type -- mrc

   ==================================================== class == ggcm_mhd_step
   parameter           | value
   --------------------+----------------------------------------
   do_nwst             | no
   debug_dump          | no
   profile_every       | 10
   legacy_dt_handling  | yes
   --------------------+-------------------------------- type -- fortran

   ==================================================== class == ggcm_mhd_diag
   parameter           | value
   --------------------+----------------------------------------
   --------------------+-------------------------------- type -- s2

   ==================================================== class == ggcm_mhd_bnd
   parameter           | value
   --------------------+----------------------------------------
   --------------------+-------------------------------- type -- inoutflow_fortran

   ==================================================== class == ggcm_mhd_bnd
   parameter           | value
   --------------------+----------------------------------------
   --------------------+-------------------------------- type -- inoutflow_fortran

   ==================================================== class == ggcm_mhd_ic
   parameter           | value
   --------------------+----------------------------------------
   --------------------+-------------------------------- type -- mirdip_fortran
   xxx1                | 14
   xxx2                | 12
   xmir                | -15
   rrini               | 3
   r1lim               | 1.5

   ==================================================== class == mrc_ts
   parameter           | value
   --------------------+----------------------------------------
   max_time            | 1
   max_steps           | 100000
   dt                  | 0.01
   --------------------+-------------------------------- type -- step

   ==================================================== class == ggcm_mhd_bndsw
   parameter           | value
   --------------------+----------------------------------------
   alphafak            | 1.1
   --------------------+-------------------------------- type -- fortran
      ==================================================== class == bndata
      parameter           | value
      --------------------+----------------------------------------
      offs                | [2] 0,0
      dims                | [2] 13,3
      sw                  | [2] 0,0
      nr_spatial_dims     | -1
      dim                 | -1
      nr_comps            | 1
      nr_ghosts           | 0
      --------------------+-------------------------------- type -- float

         ==================================================== class == mrc_vec
         parameter           | value
         --------------------+----------------------------------------
         len                 | 39
         --------------------+-------------------------------- type -- float


   ==================================================== class == ggcm_mhd_iono
   parameter           | value
   --------------------+----------------------------------------
   debug               | no
   --------------------+-------------------------------- type -- fortran

      ==================================================== class == mrc_fld
      parameter           | value
      --------------------+----------------------------------------
      offs                | [1] 0
      dims                | [1] 21268
      sw                  | [1] 0
      nr_spatial_dims     | -1
      dim                 | -1
      nr_comps            | 1
      nr_ghosts           | 0
      --------------------+-------------------------------- type -- float

         ==================================================== class == mrc_vec
         parameter           | value
         --------------------+----------------------------------------
         len                 | 21268
         --------------------+-------------------------------- type -- float

      ==================================================== class == mrc_fld
      parameter           | value
      --------------------+----------------------------------------
      offs                | [1] 0
      dims                | [1] 21268
      sw                  | [1] 0
      nr_spatial_dims     | -1
      dim                 | -1
      nr_comps            | 1
      nr_ghosts           | 0
      --------------------+-------------------------------- type -- float

         ==================================================== class == mrc_vec
         parameter           | value
         --------------------+----------------------------------------
         len                 | 21268
         --------------------+-------------------------------- type -- float

      ==================================================== class == mrc_fld
      parameter           | value
      --------------------+----------------------------------------
      offs                | [2] 0,0
      dims                | [2] 8,21268
      sw                  | [2] 0,0
      nr_spatial_dims     | -1
      dim                 | -1
      nr_comps            | 1
      nr_ghosts           | 0
      --------------------+-------------------------------- type -- float

         ==================================================== class == mrc_vec
         parameter           | value
         --------------------+----------------------------------------
         len                 | 170144
         --------------------+-------------------------------- type -- float

      ==================================================== class == mrc_fld
      parameter           | value
      --------------------+----------------------------------------
      offs                | [2] 0,0
      dims                | [2] 8,21268
      sw                  | [2] 0,0
      nr_spatial_dims     | -1
      dim                 | -1
      nr_comps            | 1
      nr_ghosts           | 0
      --------------------+-------------------------------- type -- float

         ==================================================== class == mrc_vec
         parameter           | value
         --------------------+----------------------------------------
         len                 | 170144
         --------------------+-------------------------------- type -- float

      ==================================================== class == mrc_fld
      parameter           | value
      --------------------+----------------------------------------
      offs                | [2] 0,0
      dims                | [2] 8,21268
      sw                  | [2] 0,0
      nr_spatial_dims     | -1
      dim                 | -1
      nr_comps            | 1
      nr_ghosts           | 0
      --------------------+-------------------------------- type -- float

         ==================================================== class == mrc_vec
         parameter           | value
         --------------------+----------------------------------------
         len                 | 170144
         --------------------+-------------------------------- type -- float

      ==================================================== class == mrc_fld
      parameter           | value
      --------------------+----------------------------------------
      offs                | [2] 0,0
      dims                | [2] 8,21268
      sw                  | [2] 0,0
      nr_spatial_dims     | -1
      dim                 | -1
      nr_comps            | 1
      nr_ghosts           | 0
      --------------------+-------------------------------- type -- int

         ==================================================== class == mrc_vec
         parameter           | value
         --------------------+----------------------------------------
         len                 | 170144
         --------------------+-------------------------------- type -- int

      ==================================================== class == mrc_fld
      parameter           | value
      --------------------+----------------------------------------
      offs                | [2] 0,0
      dims                | [2] 8,21268
      sw                  | [2] 0,0
      nr_spatial_dims     | -1
      dim                 | -1
      nr_comps            | 1
      nr_ghosts           | 0
      --------------------+-------------------------------- type -- int

         ==================================================== class == mrc_vec
         parameter           | value
         --------------------+----------------------------------------
         len                 | 170144
         --------------------+-------------------------------- type -- int

      ==================================================== class == mrc_fld
      parameter           | value
      --------------------+----------------------------------------
      offs                | [2] 0,0
      dims                | [2] 8,21268
      sw                  | [2] 0,0
      nr_spatial_dims     | -1
      dim                 | -1
      nr_comps            | 1
      nr_ghosts           | 0
      --------------------+-------------------------------- type -- int

         ==================================================== class == mrc_vec
         parameter           | value
         --------------------+----------------------------------------
         len                 | 170144
         --------------------+-------------------------------- type -- int

      ==================================================== class == mrc_fld
      parameter           | value
      --------------------+----------------------------------------
      offs                | [2] 0,0
      dims                | [2] 3,21268
      sw                  | [2] 0,0
      nr_spatial_dims     | -1
      dim                 | -1
      nr_comps            | 1
      nr_ghosts           | 0
      --------------------+-------------------------------- type -- float

         ==================================================== class == mrc_vec
         parameter           | value
         --------------------+----------------------------------------
         len                 | 63804
         --------------------+-------------------------------- type -- float

      ==================================================== class == mrc_fld
      parameter           | value
      --------------------+----------------------------------------
      offs                | [2] 0,0
      dims                | [2] 3,21268
      sw                  | [2] 0,0
      nr_spatial_dims     | -1
      dim                 | -1
      nr_comps            | 1
      nr_ghosts           | 0
      --------------------+-------------------------------- type -- int

         ==================================================== class == mrc_vec
         parameter           | value
         --------------------+----------------------------------------
         len                 | 63804
         --------------------+-------------------------------- type -- int

      ==================================================== class == mrc_fld
      parameter           | value
      --------------------+----------------------------------------
      offs                | [2] 0,0
      dims                | [2] 9,21268
      sw                  | [2] 0,0
      nr_spatial_dims     | -1
      dim                 | -1
      nr_comps            | 1
      nr_ghosts           | 0
      --------------------+-------------------------------- type -- float

         ==================================================== class == mrc_vec
         parameter           | value
         --------------------+----------------------------------------
         len                 | 191412
         --------------------+-------------------------------- type -- float

      ==================================================== class == mrc_fld
      parameter           | value
      --------------------+----------------------------------------
      offs                | [2] 0,0
      dims                | [2] 5,21268
      sw                  | [2] 0,0
      nr_spatial_dims     | -1
      dim                 | -1
      nr_comps            | 1
      nr_ghosts           | 0
      --------------------+-------------------------------- type -- int

         ==================================================== class == mrc_vec
         parameter           | value
         --------------------+----------------------------------------
         len                 | 106340
         --------------------+-------------------------------- type -- int

   ==================================================== class == ggcm_mhd_rcm
   parameter           | value
   --------------------+----------------------------------------
   --------------------+-------------------------------- type -- none

   ==================================================== class == ggcm_mhd_satout
   --------------------+-------------------------------- type -- fortran

   ==================================================== class == ggcm_dipole
   parameter           | value
   --------------------+----------------------------------------
   dipoltime           | 1967:01:01:00:00:00.000
   do_diprotate        | no
   moddipcoeff         | 100
   moddipfield         | 1
   hack_bdip_includes_mirror_dipole| no
   --------------------+-------------------------------- type -- fortran

      ==================================================== class == bndata
      parameter           | value
      --------------------+----------------------------------------
      offs                | [2] 0,0
      dims                | [2] 13,3
      sw                  | [2] 0,0
      nr_spatial_dims     | -1
      dim                 | -1
      nr_comps            | 1
      nr_ghosts           | 0
      --------------------+-------------------------------- type -- float

         ==================================================== class == mrc_vec
         parameter           | value
         --------------------+----------------------------------------
         len                 | 39
         --------------------+-------------------------------- type -- float

switched dt 0.184493 <- 0.0003
                           avg        min        max
ymaskn_f                  0.44       0.44       0.44
vgrupd_f                  0.08       0.08       0.09
obndra1_f                 0.30       0.21       0.39
obndrb1_f                 0.07       0.06       0.07
primvar1_f                1.72       1.70       1.74
primbb_f                  0.39       0.38       0.40
ggcm_mhd_step_run        50.85      50.18      51.52
ggcm_mhd_step_run_predcorr      50.85      50.18      51.52
zmaskn_f                  0.54       0.50       0.59
newstep_f                 1.38       1.21       1.54
pred_fortran             17.78      17.67      17.90
pushpred_f               17.78      17.67      17.89
obndra2_f                 0.41       0.30       0.52
obndrb2_f                 0.06       0.05       0.08
primvar2_f                1.61       1.59       1.64
pushcorr_f               22.50      22.31      22.69
step=1 time=0.184493 dt=1.844932e-01
                           avg        min        max
step=2 time=0.184779 dt=1.844932e-01
step=3 time=0.360398 dt=1.844932e-01
step=4 time=0.536017 dt=1.844932e-01
step=5 time=0.711636 dt=1.844932e-01
step=6 time=0.887255 dt=1.844932e-01
[1] ==> Writing ggcm_mhd checkpoint (1)
step=7 time=1.06287 dt=1.844932e-01
[0] ==> Writing ggcm_mhd checkpoint (1)
[2] ==> Writing ggcm_iono checkpoint (1)
==================================================== class == mrc_io
parameter           | value
--------------------+----------------------------------------
outdir              | .
basename            | checkpoint_iono
--------------------+-------------------------------- type -- hdf5_serial

==================================================== class == mrc_io
parameter           | value
--------------------+----------------------------------------
outdir              | .
basename            | checkpoint
--------------------+-------------------------------- type -- hdf5_serial

step=8 time=1.23849 dt=1.844932e-01
step=9 time=1.41411 dt=1.844932e-01
step=10 time=1.58973 dt=1.844932e-01
switched dt 0.182297 <- 0.184493
                           avg        min        max
vgrupd_f                  0.09       0.09       0.09
obndra1_f                 0.30       0.21       0.40
obndrb1_f                 0.12       0.08       0.17
primvar1_f                2.02       1.40       2.64
primbb_f                  0.50       0.25       0.74
ggcm_mhd_step_run       132.47     126.73     138.21
ggcm_mhd_step_run_predcorr     132.47     126.73     138.21
zmaskn_f                  0.88       0.36       1.41
newstep_f                24.58       2.93      46.23
pred_fortran             32.58      11.94      53.22
pushpred_f               32.58      11.94      53.22
obndra2_f                 0.34       0.22       0.46
obndrb2_f                 0.13       0.08       0.18
primvar2_f                2.11       1.39       2.83
pushcorr_f               40.98      16.02      65.95
step=11 time=1.76315 dt=1.822966e-01
                           avg        min        max
step=12 time=1.93877 dt=1.822966e-01
step=13 time=2.1123 dt=1.822966e-01
step=14 time=2.28583 dt=1.822966e-01
step=15 time=2.45936 dt=1.822966e-01
step=16 time=2.63288 dt=1.822966e-01
step=17 time=2.80641 dt=1.822966e-01
[1] ==> Writing ggcm_mhd checkpoint (3)
step=18 time=2.97994 dt=1.822966e-01
[0] ==> Writing ggcm_mhd checkpoint (3)
[2] ==> Writing ggcm_iono checkpoint (3)
==================================================== class == mrc_io
parameter           | value
--------------------+----------------------------------------
outdir              | .
basename            | checkpoint
--------------------+-------------------------------- type -- hdf5_serial

==================================================== class == mrc_io
parameter           | value
--------------------+----------------------------------------
outdir              | .
basename            | checkpoint_iono
--------------------+-------------------------------- type -- hdf5_serial

step=19 time=3.15347 dt=1.822966e-01
step=20 time=3.327 dt=1.822966e-01
                           avg        min        max
vgrupd_f                  0.08       0.08       0.09
obndra1_f                 0.31       0.21       0.41
obndrb1_f                 0.18       0.08       0.28
primvar1_f                2.36       1.37       3.36
primbb_f                  0.58       0.23       0.94
ggcm_mhd_step_run       173.84     171.36     176.32
ggcm_mhd_step_run_predcorr     173.84     171.36     176.32
zmaskn_f                  1.08       0.35       1.82
newstep_f                38.34       3.62      73.06
pred_fortran             40.53      11.57      69.49
pushpred_f               40.53      11.57      69.49
obndra2_f                 0.32       0.22       0.42
obndrb2_f                 0.19       0.09       0.30
primvar2_f                2.49       1.43       3.56
pushcorr_f               49.84      16.12      83.56
step=21 time=3.50052 dt=1.822966e-01
                           avg        min        max
step=22 time=3.67405 dt=1.822966e-01
step=23 time=3.84758 dt=1.822966e-01
step=24 time=4.02111 dt=1.822966e-01
step=25 time=4.19464 dt=1.822966e-01
step=26 time=4.36816 dt=1.822966e-01
step=27 time=4.54169 dt=1.822966e-01
step=28 time=4.71522 dt=1.822966e-01
step=29 time=4.88875 dt=1.822966e-01
step=30 time=5.06228 dt=1.822966e-01
                           avg        min        max
vgrupd_f                  0.08       0.08       0.08
obndra1_f                 0.31       0.21       0.42
obndrb1_f                 0.18       0.07       0.29
primvar1_f                2.44       1.38       3.51
primbb_f                  0.63       0.24       1.03
ggcm_mhd_step_run       183.51     183.41     183.61
ggcm_mhd_step_run_predcorr     183.51     183.40     183.61
zmaskn_f                  1.24       0.37       2.10
newstep_f                43.81       3.83      83.79
pred_fortran             41.70      11.99      71.40
pushpred_f               41.70      11.99      71.40
obndra2_f                 0.32       0.21       0.43
obndrb2_f                 0.17       0.07       0.27
primvar2_f                2.46       1.36       3.55
pushcorr_f               51.42      15.19      87.65
step=31 time=5.23581 dt=1.822966e-01
                           avg        min        max
step=32 time=5.40933 dt=1.822966e-01
step=33 time=5.58286 dt=1.822966e-01
step=34 time=5.75639 dt=1.822966e-01
step=35 time=5.92992 dt=1.822966e-01
step=36 time=6.10345 dt=1.822966e-01
step=37 time=6.27697 dt=1.822966e-01
step=38 time=6.4505 dt=1.822966e-01
step=39 time=6.62403 dt=1.822966e-01
step=40 time=6.79756 dt=1.822966e-01
switched dt 0.180212 <- 0.182297
                           avg        min        max
vgrupd_f                  0.09       0.08       0.09
obndra1_f                 0.35       0.23       0.46
obndrb1_f                 0.20       0.08       0.33
primvar1_f                2.50       1.44       3.57
primbb_f                  0.60       0.24       0.97
ggcm_mhd_step_run       187.00     186.94     187.05
ggcm_mhd_step_run_predcorr     187.00     186.94     187.05
zmaskn_f                  1.21       0.37       2.05
newstep_f                44.62       3.94      85.29
pred_fortran             41.98      11.02      72.93
pushpred_f               41.98      11.02      72.93
obndra2_f                 0.33       0.22       0.44
obndrb2_f                 0.18       0.08       0.28
primvar2_f                2.50       1.39       3.62
pushcorr_f               52.39      15.62      89.17
step=41 time=6.969 dt=1.802124e-01
                           avg        min        max
step=42 time=7.14253 dt=1.802124e-01
step=43 time=7.31407 dt=1.802124e-01
step=44 time=7.48562 dt=1.802124e-01
step=45 time=7.65716 dt=1.802124e-01
step=46 time=7.82871 dt=1.802124e-01
step=47 time=8.00025 dt=1.802124e-01
step=48 time=8.17179 dt=1.802124e-01
step=49 time=8.34334 dt=1.802124e-01
switched dt 0.178264 <- 0.180212
step=50 time=8.51293 dt=1.782637e-01
                           avg        min        max
vgrupd_f                  0.09       0.08       0.10
obndra1_f                 0.32       0.21       0.43
obndrb1_f                 0.19       0.07       0.30
primvar1_f                2.39       1.38       3.39
primbb_f                  0.61       0.23       0.98
ggcm_mhd_step_run       181.75     181.38     182.12
ggcm_mhd_step_run_predcorr     181.75     181.38     182.11
zmaskn_f                  1.25       0.36       2.15
newstep_f                43.18       4.02      82.33
pred_fortran             41.15      11.48      70.81
pushpred_f               41.15      11.48      70.81
obndra2_f                 0.32       0.22       0.43
obndrb2_f                 0.19       0.07       0.31
primvar2_f                2.53       1.43       3.63
pushcorr_f               50.85      15.85      85.85
step=51 time=8.68448 dt=1.782637e-01
                           avg        min        max
step=52 time=8.85417 dt=1.782637e-01
step=53 time=9.02386 dt=1.782637e-01
step=54 time=9.19355 dt=1.782637e-01
step=55 time=9.36324 dt=1.782637e-01
step=56 time=9.53292 dt=1.782637e-01
step=57 time=9.70261 dt=1.782637e-01
step=58 time=9.8723 dt=1.782637e-01
step=59 time=10.042 dt=1.782637e-01
step=60 time=10.2117 dt=1.782637e-01
                           avg        min        max
vgrupd_f                  0.09       0.09       0.09
obndra1_f                 0.31       0.21       0.40
obndrb1_f                 0.17       0.07       0.26
primvar1_f                2.37       1.35       3.39
primbb_f                  0.59       0.23       0.94
ggcm_mhd_step_run       159.11     158.81     159.40
ggcm_mhd_step_run_predcorr     159.11     158.81     159.40
zmaskn_f                  1.28       0.37       2.20
pred_fortran             38.75      11.66      65.85
pushpred_f               38.75      11.66      65.85
obndra2_f                 0.30       0.20       0.40
obndrb2_f                 0.16       0.07       0.25
primvar2_f                2.30       1.28       3.32
pushcorr_f               47.51      15.52      79.50
step=61 time=10.3814 dt=1.782637e-01
                           avg        min        max
step=62 time=10.5511 dt=1.782637e-01
step=63 time=10.7207 dt=1.782637e-01
step=64 time=10.8904 dt=1.782637e-01
step=65 time=11.0601 dt=1.782637e-01
step=66 time=11.2298 dt=1.782637e-01
step=67 time=11.3995 dt=1.782637e-01
step=68 time=11.5692 dt=1.782637e-01
step=69 time=11.7389 dt=1.782637e-01
step=70 time=11.9086 dt=1.782637e-01
                           avg        min        max
vgrupd_f                  0.08       0.08       0.09
obndra1_f                 0.31       0.21       0.40
obndrb1_f                 0.17       0.07       0.26
primvar1_f                2.34       1.36       3.33
primbb_f                  0.55       0.23       0.88
ggcm_mhd_step_run       149.16     148.79     149.54
ggcm_mhd_step_run_predcorr     149.16     148.79     149.54
zmaskn_f                  1.28       0.37       2.19
pred_fortran             36.44      11.83      61.06
pushpred_f               36.44      11.83      61.06
obndra2_f                 0.32       0.21       0.42
obndrb2_f                 0.17       0.07       0.27
primvar2_f                2.51       1.39       3.62
pushcorr_f               44.95      15.87      74.03
step=71 time=12.0783 dt=1.782637e-01
                           avg        min        max
step=72 time=12.248 dt=1.782637e-01
step=73 time=12.4176 dt=1.782637e-01
step=74 time=12.5873 dt=1.782637e-01
step=75 time=12.757 dt=1.782637e-01
step=76 time=12.9267 dt=1.782637e-01
step=77 time=13.0964 dt=1.782637e-01
step=78 time=13.2661 dt=1.782637e-01
step=79 time=13.4358 dt=1.782637e-01
step=80 time=13.6055 dt=1.782637e-01
                           avg        min        max
vgrupd_f                  0.08       0.08       0.08
obndra1_f                 0.30       0.21       0.39
obndrb1_f                 0.16       0.07       0.24
primvar1_f                2.32       1.34       3.30
primbb_f                  0.51       0.22       0.81
ggcm_mhd_step_run       139.24     138.98     139.49
ggcm_mhd_step_run_predcorr     139.24     138.98     139.49
zmaskn_f                  1.28       0.37       2.20
pred_fortran             34.23      11.64      56.82
pushpred_f               34.23      11.64      56.82
obndra2_f                 0.31       0.22       0.41
obndrb2_f                 0.16       0.08       0.25
primvar2_f                2.43       1.43       3.42
pushcorr_f               42.46      16.02      68.89
step=81 time=13.7752 dt=1.782637e-01
                           avg        min        max
step=82 time=13.9448 dt=1.782637e-01
step=83 time=14.1145 dt=1.782637e-01
step=84 time=14.2842 dt=1.782637e-01
step=85 time=14.4539 dt=1.782637e-01
step=86 time=14.6236 dt=1.782637e-01
step=87 time=14.7933 dt=1.782637e-01
step=88 time=14.963 dt=1.782637e-01
step=89 time=15.1327 dt=1.782637e-01
step=90 time=15.3024 dt=1.782637e-01
                           avg        min        max
vgrupd_f                  0.09       0.08       0.09
obndra1_f                 0.31       0.21       0.40
obndrb1_f                 0.15       0.07       0.23
primvar1_f                2.28       1.34       3.22
primbb_f                  0.49       0.23       0.75
ggcm_mhd_step_run       181.03     130.41     231.64
ggcm_mhd_step_run_predcorr     181.02     130.41     231.64
zmaskn_f                  1.26       0.36       2.16
pred_fortran             32.38      11.63      53.12
pushpred_f               32.38      11.63      53.12
obndra2_f                 0.32       0.22       0.42
obndrb2_f                 0.16       0.08       0.25
primvar2_f                2.44       1.42       3.45
pushcorr_f               40.16      16.24      64.08
step=91 time=15.472 dt=1.782637e-01
                           avg        min        max
step=92 time=15.6417 dt=1.782637e-01
step=93 time=15.8114 dt=1.782637e-01
step=94 time=15.9811 dt=1.782637e-01
step=95 time=16.1508 dt=1.782637e-01
step=96 time=16.3205 dt=1.782637e-01
step=97 time=16.4902 dt=1.782637e-01
step=98 time=16.6599 dt=1.782637e-01
step=99 time=16.8296 dt=1.782637e-01
step=100 time=16.9992 dt=1.782637e-01
                           avg        min        max
vgrupd_f                  0.09       0.08       0.10
obndra1_f                 0.31       0.22       0.40
obndrb1_f                 0.14       0.08       0.20
primvar1_f                2.26       1.33       3.20
primbb_f                  0.47       0.24       0.70
ggcm_mhd_step_run       124.45     124.17     124.73
ggcm_mhd_step_run_predcorr     124.45     124.17     124.73
zmaskn_f                  1.28       0.36       2.21
newstep_f                28.90       3.84      53.95
pred_fortran             30.75      11.91      49.60
pushpred_f               30.75      11.91      49.60
obndra2_f                 0.33       0.22       0.44
obndrb2_f                 0.15       0.08       0.22
primvar2_f                2.38       1.43       3.32
pushcorr_f               38.50      16.40      60.59
step=101 time=17.1689 dt=1.782637e-01
                           avg        min        max
step=102 time=17.3386 dt=1.782637e-01
step=103 time=17.5083 dt=1.782637e-01
step=104 time=17.678 dt=1.782637e-01
step=105 time=17.8477 dt=1.782637e-01
step=106 time=18.0174 dt=1.782637e-01
step=107 time=18.1871 dt=1.782637e-01
step=108 time=18.3568 dt=1.782637e-01
step=109 time=18.5265 dt=1.782637e-01
step=110 time=18.6961 dt=1.782637e-01
                           avg        min        max
vgrupd_f                  0.09       0.08       0.10
obndra1_f                 0.31       0.21       0.41
obndrb1_f                 0.13       0.07       0.18
primvar1_f                2.31       1.33       3.28
primbb_f                  0.43       0.25       0.62
ggcm_mhd_step_run       115.37     115.10     115.65
ggcm_mhd_step_run_predcorr     115.37     115.10     115.65
zmaskn_f                  1.28       0.37       2.18
pred_fortran             29.16      11.94      46.38
pushpred_f               29.16      11.94      46.38
obndra2_f                 0.33       0.22       0.43
obndrb2_f                 0.13       0.08       0.19
primvar2_f                2.36       1.43       3.29
pushcorr_f               36.19      16.44      55.95
step=111 time=18.8658 dt=1.782637e-01
                           avg        min        max
step=112 time=19.0355 dt=1.782637e-01
step=113 time=19.2052 dt=1.782637e-01
step=114 time=19.3749 dt=1.782637e-01
step=115 time=19.5446 dt=1.782637e-01
step=116 time=19.7143 dt=1.782637e-01
step=117 time=19.884 dt=1.782637e-01
step=118 time=20.0537 dt=1.782637e-01
step=119 time=20.2233 dt=1.782637e-01
step=120 time=20.393 dt=1.782637e-01
                           avg        min        max
vgrupd_f                  0.08       0.08       0.09
obndra1_f                 0.31       0.21       0.40
obndrb1_f                 0.12       0.07       0.17
primvar1_f                2.43       1.38       3.48
primbb_f                  0.43       0.27       0.59
ggcm_mhd_step_run       109.87     109.60     110.15
ggcm_mhd_step_run_predcorr     109.87     109.60     110.15
zmaskn_f                  1.28       0.37       2.19
pred_fortran             27.90      12.22      43.58
pushpred_f               27.90      12.22      43.58
obndra2_f                 0.31       0.22       0.41
obndrb2_f                 0.13       0.07       0.18
primvar2_f                2.22       1.34       3.09
pushcorr_f               34.95      16.56      53.35
step=121 time=20.5627 dt=1.782637e-01
                           avg        min        max
step=122 time=20.7324 dt=1.782637e-01
step=123 time=20.9021 dt=1.782637e-01
step=124 time=21.0718 dt=1.782637e-01
step=125 time=21.2415 dt=1.782637e-01
step=126 time=21.4112 dt=1.782637e-01
step=127 time=21.5809 dt=1.782637e-01
step=128 time=21.7505 dt=1.782637e-01
step=129 time=21.9202 dt=1.782637e-01
step=130 time=22.0899 dt=1.782637e-01
                           avg        min        max
vgrupd_f                  0.09       0.09       0.09
obndra1_f                 0.30       0.21       0.39
obndrb1_f                 0.11       0.07       0.16
primvar1_f                2.18       1.33       3.03
primbb_f                  0.37       0.24       0.50
ggcm_mhd_step_run       102.29     102.08     102.49
ggcm_mhd_step_run_predcorr     102.29     102.08     102.49
zmaskn_f                  1.28       0.36       2.19
pred_fortran             26.42      12.06      40.78
pushpred_f               26.42      12.06      40.78
obndra2_f                 0.33       0.22       0.45
obndrb2_f                 0.13       0.08       0.17
primvar2_f                2.37       1.42       3.32
pushcorr_f               32.73      16.50      48.97
step=131 time=22.2596 dt=1.782637e-01
                           avg        min        max
step=132 time=22.4293 dt=1.782637e-01
step=133 time=22.599 dt=1.782637e-01
step=134 time=22.7687 dt=1.782637e-01
step=135 time=22.9384 dt=1.782637e-01
step=136 time=23.1081 dt=1.782637e-01
step=137 time=23.2777 dt=1.782637e-01
step=138 time=23.4474 dt=1.782637e-01
step=139 time=23.6171 dt=1.782637e-01
step=140 time=23.7868 dt=1.782637e-01
                           avg        min        max
vgrupd_f                  0.09       0.09       0.09
obndra1_f                 0.30       0.21       0.38
obndrb1_f                 0.11       0.07       0.14
primvar1_f                2.16       1.32       2.99
primbb_f                  0.34       0.24       0.43
ggcm_mhd_step_run        95.43      95.26      95.61
ggcm_mhd_step_run_predcorr      95.43      95.26      95.61
zmaskn_f                  1.24       0.36       2.12
pred_fortran             24.43      11.48      37.39
pushpred_f               24.43      11.48      37.39
obndra2_f                 0.39       0.28       0.49
obndrb2_f                 0.12       0.09       0.15
primvar2_f                2.22       1.39       3.06
pushcorr_f               31.37      16.94      45.79
step=141 time=23.9565 dt=1.782637e-01
                           avg        min        max
step=142 time=24.1262 dt=1.782637e-01
step=143 time=24.2959 dt=1.782637e-01
step=144 time=24.4656 dt=1.782637e-01
step=145 time=24.6353 dt=1.782637e-01
step=146 time=24.805 dt=1.782637e-01
step=147 time=24.9746 dt=1.782637e-01
step=148 time=25.1443 dt=1.782637e-01
step=149 time=25.314 dt=1.782637e-01
switched dt 0.154417 <- 0.178264
step=150 time=25.4599 dt=1.544173e-01
                           avg        min        max
vgrupd_f                  0.09       0.09       0.09
obndra1_f                 0.31       0.21       0.41
obndrb1_f                 0.11       0.08       0.14
primvar1_f                2.18       1.36       3.01
primbb_f                  0.32       0.24       0.40
ggcm_mhd_step_run        91.59      91.39      91.78
ggcm_mhd_step_run_predcorr      91.59      91.39      91.78
zmaskn_f                  1.26       0.36       2.17
newstep_f                19.57       3.78      35.35
pred_fortran             23.62      12.06      35.17
pushpred_f               23.62      12.06      35.17
obndra2_f                 0.32       0.22       0.43
obndrb2_f                 0.11       0.07       0.16
primvar2_f                2.38       1.59       3.16
pushcorr_f               29.98      16.83      43.13
step=151 time=25.6295 dt=1.544173e-01
                           avg        min        max
step=152 time=25.7765 dt=1.544173e-01
step=153 time=25.9235 dt=1.544173e-01
step=154 time=26.0705 dt=1.544173e-01
step=155 time=26.2175 dt=1.544173e-01
step=156 time=26.3645 dt=1.544173e-01
step=157 time=26.5115 dt=1.544173e-01
step=158 time=26.6585 dt=1.544173e-01
step=159 time=26.8055 dt=1.544173e-01
step=160 time=26.9525 dt=1.544173e-01
                           avg        min        max
vgrupd_f                  0.10       0.10       0.10
obndra1_f                 0.30       0.21       0.39
obndrb1_f                 0.09       0.07       0.11
primvar1_f                2.19       1.32       3.05
primbb_f                  0.31       0.26       0.36
ggcm_mhd_step_run        86.65      86.51      86.79
ggcm_mhd_step_run_predcorr      86.65      86.51      86.79
zmaskn_f                  1.28       0.39       2.17
pred_fortran             22.47      11.73      33.21
pushpred_f               22.47      11.73      33.20
obndra2_f                 0.35       0.26       0.45
obndrb2_f                 0.10       0.08       0.12
primvar2_f                2.38       1.40       3.35
pushcorr_f               29.02      16.79      41.25
step=161 time=27.0994 dt=1.544173e-01
                           avg        min        max
step=162 time=27.2464 dt=1.544173e-01
step=163 time=27.3934 dt=1.544173e-01
step=164 time=27.5404 dt=1.544173e-01
step=165 time=27.6874 dt=1.544173e-01
step=166 time=27.8344 dt=1.544173e-01
step=167 time=27.9814 dt=1.544173e-01
step=168 time=28.1284 dt=1.544173e-01
step=169 time=28.2754 dt=1.544173e-01
step=170 time=28.4224 dt=1.544173e-01
                           avg        min        max
vgrupd_f                  0.08       0.08       0.09
obndra1_f                 0.32       0.22       0.42
obndrb1_f                 0.09       0.08       0.11
primvar1_f                2.21       1.37       3.06
primbb_f                  0.30       0.25       0.35
ggcm_mhd_step_run        84.33      84.18      84.47
ggcm_mhd_step_run_predcorr      84.33      84.18      84.47
zmaskn_f                  1.26       0.37       2.15
pred_fortran             21.90      11.71      32.08
pushpred_f               21.90      11.71      32.08
obndra2_f                 0.30       0.22       0.39
obndrb2_f                 0.09       0.07       0.10
primvar2_f                2.32       1.39       3.25
pushcorr_f               28.77      17.29      40.25
step=171 time=28.5693 dt=1.544173e-01
                           avg        min        max
step=172 time=28.7163 dt=1.544173e-01
step=173 time=28.8633 dt=1.544173e-01
step=174 time=29.0103 dt=1.544173e-01
step=175 time=29.1573 dt=1.544173e-01
step=176 time=29.3043 dt=1.544173e-01
step=177 time=29.4513 dt=1.544173e-01
step=178 time=29.5983 dt=1.544173e-01
step=179 time=29.7453 dt=1.544173e-01
step=180 time=29.8923 dt=1.544173e-01
                           avg        min        max
vgrupd_f                  0.09       0.09       0.09
obndra1_f                 0.31       0.22       0.40
obndrb1_f                 0.08       0.07       0.09
primvar1_f                2.19       1.36       3.01
primbb_f                  0.28       0.25       0.31
ggcm_mhd_step_run        82.67      82.43      82.91
ggcm_mhd_step_run_predcorr      82.67      82.42      82.91
zmaskn_f                  1.24       0.37       2.11
pred_fortran             21.79      12.00      31.58
pushpred_f               21.79      12.00      31.58
obndra2_f                 0.32       0.23       0.42
obndrb2_f                 0.08       0.08       0.09
primvar2_f                2.26       1.44       3.08
pushcorr_f               28.57      17.35      39.78
step=181 time=30.0392 dt=1.544173e-01
                           avg        min        max
step=182 time=30.1862 dt=1.544173e-01
step=183 time=30.3332 dt=1.544173e-01
step=184 time=30.4802 dt=1.544173e-01
step=185 time=30.6272 dt=1.544173e-01
step=186 time=30.7742 dt=1.544173e-01
step=187 time=30.9212 dt=1.544173e-01
step=188 time=31.0682 dt=1.544173e-01
step=189 time=31.2152 dt=1.544173e-01
step=190 time=31.3622 dt=1.544173e-01
                           avg        min        max
vgrupd_f                  0.10       0.10       0.10
obndra1_f                 0.33       0.22       0.43
obndrb1_f                 0.08       0.08       0.08
primvar1_f                2.21       1.35       3.07
primbb_f                  0.30       0.28       0.32
ggcm_mhd_step_run        84.72      83.61      85.82
ggcm_mhd_step_run_predcorr      84.72      83.61      85.82
zmaskn_f                  1.30       0.36       2.23
pred_fortran             22.05      12.64      31.47
pushpred_f               22.05      12.64      31.46
obndra2_f                 0.34       0.22       0.46
obndrb2_f                 0.08       0.08       0.09
primvar2_f                2.35       1.45       3.25
pushcorr_f               29.17      18.33      40.02
step=191 time=31.5091 dt=1.544173e-01
